[ 2017-05-30T21:56:05+08:00 ] 127.0.0.1 127.0.0.1 GET /
[ log ] www.test.cn/ [运行时间：0.385000s][吞吐率：2.60req/s] [内存消耗：2,815.14kb] [文件加载：57]
[ info ] [ LANG ] D:\objects\yingjing\thinkphp\lang\zh-cn.php
[ info ] [ ROUTE ] array (
  'type' => 'module',
  'module' => 
  array (
    0 => '',
    1 => NULL,
    2 => NULL,
  ),
)
[ info ] [ HEADER ] array (
  'host' => 'www.test.cn',
  'connection' => 'keep-alive',
  'upgrade-insecure-requests' => '1',
  'user-agent' => 'Mozilla/5.0 (Windows NT 6.1; Win64; x64) AppleWebKit/537.36 (KHTML, like Gecko) Chrome/58.0.3029.81 Safari/537.36',
  'accept' => 'text/html,application/xhtml+xml,application/xml;q=0.9,image/webp,*/*;q=0.8',
  'accept-encoding' => 'gzip, deflate, sdch',
  'accept-language' => 'zh-CN,zh;q=0.8',
)
[ info ] [ PARAM ] array (
)
[ info ] [ RUN ] app\index\controller\Index->index[ D:\objects\yingjing\application\index\controller\Index.php ]
[ info ] [ DB ] INIT mysql
[ info ] [ VIEW ] D:\objects\yingjing/application/index\view\index\index.html [ array (
  0 => 'data',
  1 => 'page',
) ]
[ info ] [ LOG ] INIT File
[ sql ] [ DB ] CONNECT:[ UseTime:0.027000s ] mysql:dbname=artice;host=127.0.0.1;port=3306;charset=utf8
[ sql ] [ SQL ] SHOW COLUMNS FROM `file_info` [ RunTime:0.062000s ]
[ sql ] [ SQL ] SELECT `id`,`filename`,`title`,`upload_time` FROM `file_info` WHERE  `status` = 0 ORDER BY id desc LIMIT 0,20 [ RunTime:0.003000s ]
[ sql ] [ SQL ] SELECT COUNT(*) AS tp_count FROM `file_info` WHERE  `status` = 0 LIMIT 1 [ RunTime:0.002000s ]

---------------------------------------------------------------
[ 2017-05-30T21:56:05+08:00 ] 127.0.0.1 127.0.0.1 GET /favicon.ico
[ log ] www.test.cn/favicon.ico [运行时间：0.098000s][吞吐率：10.20req/s] [内存消耗：1,387.32kb] [文件加载：40]
[ info ] [ LANG ] D:\objects\yingjing\thinkphp\lang\zh-cn.php
[ info ] [ ROUTE ] array (
  'type' => 'module',
  'module' => 
  array (
    0 => 'favicon.ico',
    1 => NULL,
    2 => NULL,
  ),
)
[ info ] [ HEADER ] array (
  'host' => 'www.test.cn',
  'connection' => 'keep-alive',
  'user-agent' => 'Mozilla/5.0 (Windows NT 6.1; Win64; x64) AppleWebKit/537.36 (KHTML, like Gecko) Chrome/58.0.3029.81 Safari/537.36',
  'accept' => 'image/webp,image/*,*/*;q=0.8',
  'referer' => 'http://www.test.cn/',
  'accept-encoding' => 'gzip, deflate, sdch',
  'accept-language' => 'zh-CN,zh;q=0.8',
)
[ info ] [ PARAM ] array (
)
[ info ] [ LOG ] INIT File

---------------------------------------------------------------
